proguard/seeds.txt
com.sary.arounddepot.MyApplication
com.sary.arounddepot.MyApplication: MyApplication()
com.sary.arounddepot.activity.AboutDepotActivity
com.sary.arounddepot.activity.AboutDepotActivity: AboutDepotActivity()
com.sary.arounddepot.activity.AboutNavigationSetActivity
com.sary.arounddepot.activity.AboutNavigationSetActivity: AboutNavigationSetActivity()
com.sary.arounddepot.activity.AboutUsActivity
com.sary.arounddepot.activity.AboutUsActivity: AboutUsActivity()
com.sary.arounddepot.activity.AboutVoiceSetActivity
com.sary.arounddepot.activity.AboutVoiceSetActivity: AboutVoiceSetActivity()
com.sary.arounddepot.activity.About_us_WebviewActivity
com.sary.arounddepot.activity.About_us_WebviewActivity: About_us_WebviewActivity()
com.sary.arounddepot.activity.BaseActivity
com.sary.arounddepot.activity.BaseActivity: BaseActivity()
com.sary.arounddepot.activity.CropImageActivity
com.sary.arounddepot.activity.CropImageActivity: CropImageActivity()
com.sary.arounddepot.activity.ForgetPwdActivity
com.sary.arounddepot.activity.ForgetPwdActivity: ForgetPwdActivity()
com.sary.arounddepot.activity.GuideActivity
com.sary.arounddepot.activity.GuideActivity: GuideActivity()
com.sary.arounddepot.activity.LargePicActivity
com.sary.arounddepot.activity.LargePicActivity: LargePicActivity()
com.sary.arounddepot.activity.LargePicForParkdetailActivity
com.sary.arounddepot.activity.LargePicForParkdetailActivity: LargePicForParkdetailActivity()
com.sary.arounddepot.activity.LoginActivity
com.sary.arounddepot.activity.LoginActivity: LoginActivity()
com.sary.arounddepot.activity.MainActivity
com.sary.arounddepot.activity.MainActivity: MainActivity()
com.sary.arounddepot.activity.MyCareDepotActivity
com.sary.arounddepot.activity.MyCareDepotActivity: MyCareDepotActivity()
com.sary.arounddepot.activity.MyNewsWebViewActivity
com.sary.arounddepot.activity.MyNewsWebViewActivity: MyNewsWebViewActivity()
com.sary.arounddepot.activity.ParkDetailActivity
com.sary.arounddepot.activity.ParkDetailActivity: ParkDetailActivity()
com.sary.arounddepot.activity.RegistActivity
com.sary.arounddepot.activity.RegistActivity: RegistActivity()
com.sary.arounddepot.activity.SearchParkActivity
com.sary.arounddepot.activity.SearchParkActivity: SearchParkActivity()
com.sary.arounddepot.activity.SetCareActivity
com.sary.arounddepot.activity.SetCareActivity: SetCareActivity()
com.sary.arounddepot.activity.Three_partQQLoginActivity
com.sary.arounddepot.activity.Three_partQQLoginActivity: Three_partQQLoginActivity()
com.sary.arounddepot.activity.Three_partSinaLoginActivity
com.sary.arounddepot.activity.Three_partSinaLoginActivity: Three_partSinaLoginActivity()
com.sary.arounddepot.activity.UpdatePasswordActivity
com.sary.arounddepot.activity.UpdatePasswordActivity: UpdatePasswordActivity()
com.sary.arounddepot.activity.UpdateUserInfoActivity
com.sary.arounddepot.activity.UpdateUserInfoActivity: UpdateUserInfoActivity()
com.sary.arounddepot.activity.UserClauseActivity
com.sary.arounddepot.activity.UserClauseActivity: UserClauseActivity()
com.sary.arounddepot.activity.VoiceTypeSelectActivity
com.sary.arounddepot.activity.VoiceTypeSelectActivity: VoiceTypeSelectActivity()
com.sary.arounddepot.activity.WelcomeActivity
com.sary.arounddepot.activity.WelcomeActivity: WelcomeActivity()
com.sary.arounddepot.receiver.AlarmReceiver
com.sary.arounddepot.receiver.AlarmReceiver: AlarmReceiver()
com.sary.arounddepot.receiver.ParkAlarmReceiver
com.sary.arounddepot.receiver.ParkAlarmReceiver: ParkAlarmReceiver()
com.sary.arounddepot.service.UpdateService
com.sary.arounddepot.service.UpdateService: UpdateService()
com.sary.arounddepot.util.MyGallery
com.sary.arounddepot.util.MyGallery: MyGallery(android.content.Context,android.util.AttributeSet,int)
com.sary.arounddepot.util.MyGallery: MyGallery(android.content.Context,android.util.AttributeSet)
...
org.apache.james.mime4j.field.address.parser.SimpleNode
org.apache.james.mime4j.field.address.parser.SimpleNode: org.apache.james.mime4j.field.address.parser.Node parent
org.apache.james.mime4j.field.address.parser.SimpleNode: org.apache.james.mime4j.field.address.parser.Node[] children
org.apache.james.mime4j.field.address.parser.SimpleNode: int id
org.apache.james.mime4j.field.address.parser.SimpleNode: org.apache.james.mime4j.field.address.parser.AddressListParser parser
org.apache.james.mime4j.field.address.parser.SimpleNode: SimpleNode(int)
org.apache.james.mime4j.field.address.parser.SimpleNode: SimpleNode(org.apache.james.mime4j.field.address.parser.AddressListParser,int)
org.apache.james.mime4j.field.address.parser.SimpleNode: void jjtOpen()
org.apache.james.mime4j.field.address.parser.SimpleNode: void jjtClose()
org.apache.james.mime4j.field.address.parser.SimpleNode: void jjtSetParent(org.apache.james.mime4j.field.address.parser.Node)
org.apache.james.mime4j.field.address.parser.SimpleNode: org.apache.james.mime4j.field.address.parser.Node jjtGetParent()
org.apache.james.mime4j.field.address.parser.SimpleNode: void jjtAddChild(org.apache.james.mime4j.field.address.parser.Node,int)
org.apache.james.mime4j.field.address.parser.SimpleNode: org.apache.james.mime4j.field.address.parser.Node jjtGetChild(int)
org.apache.james.mime4j.field.address.parser.SimpleNode: int jjtGetNumChildren()
org.apache.james.mime4j.field.address.parser.Token
org.apache.james.mime4j.field.address.parser.Token: int kind
org.apache.james.mime4j.field.address.parser.Token: int beginLine
org.apache.james.mime4j.field.address.parser.Token: int beginColumn
org.apache.james.mime4j.field.address.parser.Token: int endLine
org.apache.james.mime4j.field.address.parser.Token: int endColumn
org.apache.james.mime4j.field.address.parser.Token: java.lang.String image
org.apache.james.mime4j.field.address.parser.Token: org.apache.james.mime4j.field.address.parser.Token next
org.apache.james.mime4j.field.address.parser.Token: org.apache.james.mime4j.field.address.parser.Token specialToken
org.apache.james.mime4j.field.address.parser.Token: Token()
org.apache.james.mime4j.field.address.parser.Token: java.lang.String toString()
org.apache.james.mime4j.field.address.parser.Token: org.apache.james.mime4j.field.address.parser.Token newToken(int)
org.apache.james.mime4j.field.address.parser.TokenMgrError
org.apache.james.mime4j.field.address.parser.TokenMgrError: int LEXICAL_ERROR
org.apache.james.mime4j.field.address.parser.TokenMgrError: int STATIC_LEXER_ERROR
org.apache.james.mime4j.field.address.parser.TokenMgrError: int INVALID_LEXICAL_STATE
org.apache.james.mime4j.field.address.parser.TokenMgrError: int LOOP_DETECTED
org.apache.james.mime4j.field.address.parser.TokenMgrError: int errorCode
org.apache.james.mime4j.field.address.parser.TokenMgrError: java.lang.String addEscapes(java.lang.String)
org.apache.james.mime4j.field.address.parser.TokenMgrError: java.lang.String LexicalError(boolean,int,int,int,java.lang.String,char)
org.apache.james.mime4j.field.address.parser.TokenMgrError: java.lang.String getMessage()
org.apache.james.mime4j.field.address.parser.TokenMgrError: TokenMgrError()
org.apache.james.mime4j.field.address.parser.TokenMgrError: TokenMgrError(java.lang.String,int)
org.apache.james.mime4j.field.address.parser.TokenMgrError: TokenMgrError(boolean,int,int,int,java.lang.String,char,int)