proguard/mapping.txt
com.sary.arounddepot.MyApplication -> com.sary.arounddepot.MyApplication:
    com.sary.arounddepot.activity.MainActivity mMain -> a
    com.sary.arounddepot.MyApplication _instance -> b
    double longitude -> c
    double latitude -> d
    java.lang.String address -> e
    com.amap.api.location.AMapLocation aLocation -> f
    int screen -> g
    int screenHeight -> m
    int screenWidth -> n
    java.lang.String id -> o
    com.sary.arounddepot.entity.UserInfo userInfo -> p
    java.util.List listData -> h
    com.sary.arounddepot.entity.AroundParkListData listDatas -> i
    boolean flag -> j
    java.lang.String curVersionName -> k
    int curVersionCode -> l
    void onCreate() -> onCreate
    void saveUserInfoToShared(com.sary.arounddepot.entity.UserInfo) -> a
    com.sary.arounddepot.entity.UserInfo getUserInfoFromShared() -> a
    void clearUserInfo() -> b
    java.lang.String getId() -> c
    com.sary.arounddepot.entity.UserInfo getUserInfo() -> d
    void setFlag$1385ff() -> e
    void setListData(java.util.List) -> a
    int getScreenWidth() -> f
com.sary.arounddepot.activity.AboutDepotActivity -> com.sary.arounddepot.activity.AboutDepotActivity:
    android.content.Context context -> a
    android.widget.ImageButton btn_back -> e
    android.widget.RelativeLayout about_us -> f
    android.widget.RelativeLayout to_score -> g
    android.widget.RelativeLayout welcome -> h
    android.widget.RelativeLayout user_clause -> i
    void onCreate(android.os.Bundle) -> onCreate
    android.content.Context access$0(com.sary.arounddepot.activity.AboutDepotActivity) -> a
com.sary.arounddepot.activity.AboutDepotActivity$1 -> com.sary.arounddepot.activity.a:
    com.sary.arounddepot.activity.AboutDepotActivity this$0 -> a
    void onClick(android.view.View) -> onClick
com.sary.arounddepot.activity.AboutDepotActivity$2 -> com.sary.arounddepot.activity.b:
    com.sary.arounddepot.activity.AboutDepotActivity this$0 -> a
    void onClick(android.view.View) -> onClick
com.sary.arounddepot.activity.AboutDepotActivity$3 -> com.sary.arounddepot.activity.c:
    com.sary.arounddepot.activity.AboutDepotActivity this$0 -> a
    void onClick(android.view.View) -> onClick
com.sary.arounddepot.activity.AboutDepotActivity$4 -> com.sary.arounddepot.activity.d:
    com.sary.arounddepot.activity.AboutDepotActivity this$0 -> a
    void onClick(android.view.View) -> onClick
com.sary.arounddepot.activity.AboutDepotActivity$5 -> com.sary.arounddepot.activity.e:
    com.sary.arounddepot.activity.AboutDepotActivity this$0 -> a
    void onClick(android.view.View) -> onClick
com.sary.arounddepot.activity.AboutNavigationSetActivity -> com.sary.arounddepot.activity.AboutNavigationSetActivity:
    android.widget.ImageButton btn_back -> a
    android.content.Context context -> e
    android.widget.RelativeLayout map_google -> f
    android.widget.RelativeLayout map_gaode -> g
    android.widget.RelativeLayout map_baidu -> h
    android.widget.ImageButton btn_google_map -> i
    android.widget.ImageButton btn_gaode_map -> j
    android.widget.ImageButton btn_baidu_map -> k
    java.util.List name -> l
    void onCreate(android.os.Bundle) -> onCreate
    void onRestart() -> onRestart
    java.util.List isAvilible(android.content.Context) -> a
    java.util.List access$0(com.sary.arounddepot.activity.AboutNavigationSetActivity) -> a
    android.widget.ImageButton access$1(com.sary.arounddepot.activity.AboutNavigationSetActivity) -> b
    android.widget.ImageButton access$2(com.sary.arounddepot.activity.AboutNavigationSetActivity) -> c
    android.widget.ImageButton access$3(com.sary.arounddepot.activity.AboutNavigationSetActivity) -> d
    android.content.Context access$4(com.sary.arounddepot.activity.AboutNavigationSetActivity) -> e
...
org.apache.http.impl.io.HttpRequestParser -> org.apache.http.impl.io.HttpRequestParser:
    org.apache.http.HttpRequestFactory requestFactory -> requestFactory
    org.apache.http.util.CharArrayBuffer lineBuf -> lineBuf
    org.apache.http.HttpMessage parseHead(org.apache.http.io.SessionInputBuffer) -> parseHead
org.apache.http.impl.io.HttpRequestWriter -> org.apache.http.impl.io.HttpRequestWriter:
    void writeHeadLine(org.apache.http.HttpMessage) -> writeHeadLine
org.apache.http.impl.io.HttpResponseParser -> org.apache.http.impl.io.HttpResponseParser:
    org.apache.http.HttpResponseFactory responseFactory -> responseFactory
    org.apache.http.util.CharArrayBuffer lineBuf -> lineBuf
    org.apache.http.HttpMessage parseHead(org.apache.http.io.SessionInputBuffer) -> parseHead
org.apache.http.impl.io.HttpResponseWriter -> org.apache.http.impl.io.HttpResponseWriter:
    void writeHeadLine(org.apache.http.HttpMessage) -> writeHeadLine
org.apache.http.impl.io.HttpTransportMetricsImpl -> org.apache.http.impl.io.HttpTransportMetricsImpl:
    long bytesTransferred -> bytesTransferred
    long getBytesTransferred() -> getBytesTransferred
    void setBytesTransferred(long) -> setBytesTransferred
    void incrementBytesTransferred(long) -> incrementBytesTransferred
    void reset() -> reset
org.apache.http.impl.io.IdentityInputStream -> org.apache.http.impl.io.IdentityInputStream:
    org.apache.http.io.SessionInputBuffer in -> in
    boolean closed -> closed
    int available() -> available
    void close() -> close
    int read() -> read
    int read(byte[],int,int) -> read
org.apache.http.impl.io.IdentityOutputStream -> org.apache.http.impl.io.IdentityOutputStream:
    org.apache.http.io.SessionOutputBuffer out -> out
    boolean closed -> closed
    void close() -> close
    void flush() -> flush
    void write(byte[],int,int) -> write
    void write(byte[]) -> write
    void write(int) -> write
org.apache.http.impl.io.SocketInputBuffer -> org.apache.http.impl.io.SocketInputBuffer:
    java.lang.Class SOCKET_TIMEOUT_CLASS -> SOCKET_TIMEOUT_CLASS
    java.net.Socket socket -> socket
    java.lang.Class SocketTimeoutExceptionClass() -> SocketTimeoutExceptionClass
    boolean isSocketTimeoutException(java.io.InterruptedIOException) -> isSocketTimeoutException
    boolean isDataAvailable(int) -> isDataAvailable
org.apache.http.impl.io.SocketOutputBuffer -> org.apache.http.impl.io.SocketOutputBuffer:
org.apache.http.io.HttpMessageParser -> org.apache.http.io.HttpMessageParser:
    org.apache.http.HttpMessage parse() -> parse
org.apache.http.io.HttpMessageWriter -> org.apache.http.io.HttpMessageWriter:
    void write(org.apache.http.HttpMessage) -> write
org.apache.http.io.HttpTransportMetrics -> org.apache.http.io.HttpTransportMetrics:
    long getBytesTransferred() -> getBytesTransferred
    void reset() -> reset
org.apache.http.io.SessionInputBuffer -> org.apache.http.io.SessionInputBuffer:
    int read(byte[],int,int) -> read
    int read(byte[]) -> read
    int read() -> read
    int readLine(org.apache.http.util.CharArrayBuffer) -> readLine
    java.lang.String readLine() -> readLine
    boolean isDataAvailable(int) -> isDataAvailable
    org.apache.http.io.HttpTransportMetrics getMetrics() -> getMetrics
org.apache.http.io.SessionOutputBuffer -> org.apache.http.io.SessionOutputBuffer:
    void write(byte[],int,int) -> write
    void write(byte[]) -> write
    void write(int) -> write
    void writeLine(java.lang.String) -> writeLine
    void writeLine(org.apache.http.util.CharArrayBuffer) -> writeLine
    void flush() -> flush
    org.apache.http.io.HttpTransportMetrics getMetrics() -> getMetrics