proguard/usage.txt
com.sary.arounddepot.BuildConfig
com.sary.arounddepot.MyApplication:
    private com.amap.api.location.LocationManagerProxy locationManager
    private com.sary.arounddepot.util.MyLocationListenner myListener
    188:188:public double getLongitude()
    195:196:public void setId(java.lang.String)
    201:202:public void setUserInfo(com.sary.arounddepot.entity.UserInfo)
    204:205:public void setLongitude(double)
    208:208:public double getLatitude()
    212:213:public void setLatitude(double)
    215:215:public boolean isFlag()
    221:221:public java.util.List getListData()
    227:227:public int getScreenHeight()
    230:231:public void setScreenHeight(int)
    236:237:public void setScreenWidth(int)
com.sary.arounddepot.R
com.sary.arounddepot.R$anim
com.sary.arounddepot.R$array
com.sary.arounddepot.R$attr
com.sary.arounddepot.R$color
com.sary.arounddepot.R$dimen
com.sary.arounddepot.R$drawable
com.sary.arounddepot.R$id
com.sary.arounddepot.R$layout
com.sary.arounddepot.R$menu
com.sary.arounddepot.R$raw
com.sary.arounddepot.R$string
com.sary.arounddepot.R$style
com.sary.arounddepot.activity.AboutDepotActivity:
    101:106:public static android.content.Intent getPdfFileIntent(java.lang.String)
com.sary.arounddepot.activity.About_us_WebviewActivity$WebViewC:
    95:96:public void onReceivedSslError(android.webkit.WebView,android.webkit.SslErrorHandler)
com.sary.arounddepot.activity.CropImageActivity:
    private static final java.lang.String TAG
    private static final boolean D
com.sary.arounddepot.activity.LoginActivity:
    179:184:public com.sary.arounddepot.entity.UserInfo parseDataforSina(java.lang.String)
com.sary.arounddepot.activity.MainActivity:
    private static final int INTERVAL
    private com.sary.arounddepot.entity.UserInfo userInfo
    public android.app.ProgressDialog mDialog
    private static final java.lang.String TAG
com.sary.arounddepot.activity.ParkDetailActivity:
    private com.sary.arounddepot.util.MyGallery gallery
    public com.sary.arounddepot.view.MyPopWindow menuWindow
    public com.iflytek.speech.SynthesizerPlayerListener listener
com.sary.arounddepot.activity.RegistActivity:
    private com.sary.arounddepot.entity.UserInfo userInfo
com.sary.arounddepot.activity.SearchFragment:
    public android.widget.ArrayAdapter adapter_history
    public java.lang.String[] hisArrays
com.sary.arounddepot.activity.SearchParkActivity:
    public android.widget.ArrayAdapter adapter_history
    public java.lang.String[] hisArrays
com.sary.arounddepot.activity.SetCareActivity:
    private java.lang.String settime
    private java.lang.String set_mytime
    394:396:private java.lang.String format(int)
com.sary.arounddepot.activity.Three_partQQLoginActivity:
    private android.widget.Button btn_back
    public com.sary.arounddepot.entity.UserInfo info
    42:42:static synthetic com.sary.arounddepot.MyApplication access$1(com.sary.arounddepot.activity.Three_partQQLoginActivity)
com.sary.arounddepot.activity.Three_partQQLoginActivity$InJavaScriptLocalObj:
    176:204:public void showSource(java.lang.String)
com.sary.arounddepot.activity.Three_partQQLoginActivity$WebViewC:
    115:119:public void onReceivedSslError(android.webkit.WebView,android.webkit.SslErrorHandler)
com.sary.arounddepot.activity.Three_partSinaLoginActivity:
    private android.widget.Button btn_back
    public com.sary.arounddepot.entity.UserInfo info
    42:42:static synthetic com.sary.arounddepot.MyApplication access$1(com.sary.arounddepot.activity.Three_partSinaLoginActivity)
com.sary.arounddepot.activity.Three_partSinaLoginActivity$InJavaScriptLocalObj:
    175:203:public void showSource(java.lang.String)
com.sary.arounddepot.activity.Three_partSinaLoginActivity$WebViewC:
    114:118:public void onReceivedSslError(android.webkit.WebView,android.webkit.SslErrorHandler)
...
com.autonavi.aps.amapapi.a$3
com.autonavi.aps.amapapi.c:
    372:376:public final void a(android.content.Context)
com.autonavi.aps.amapapi.e:
    92:145:public final synchronized void a(java.util.Hashtable,android.content.Context)
    156:193:public static void a(android.content.Context)
    204:229:private static boolean a(android.database.sqlite.SQLiteDatabase,java.lang.String)
com.autonavi.aps.amapapi.k:
    400:429:public static void b(android.content.Context)
    438:460:public static void c(android.content.Context)
com.data.carrier.CollectorManager:
    public static final boolean TEST
    public static final java.lang.String VERSION
    public void testWriteOne()
    public int getCollectCount()
    public void setOnCollectChangeListener$159bed0d(com.data.carrier.i)
    public void setTestMode(boolean)
com.data.carrier.WrapData:
    public int getCount()
com.data.carrier.a:
    public java.io.File b()
com.data.carrier.w:
    public final int a()
com.iflytek.Setting:
    private Setting()
    public static void saveLogFile(com.iflytek.Setting$LOG_LEVEL,java.lang.String)
    public static void showLogcat(boolean)
    public static void checkNetwork(boolean)
    public static void setLocationEnable(boolean)
    public static void setLanguage(java.util.Locale)
com.iflytek.Version:
    public Version()
com.iflytek.a.a:
    public void a(java.lang.String,boolean)
    public boolean b(java.lang.String,boolean)
com.iflytek.a.b:
    public void a(com.iflytek.a.f)
com.iflytek.a.f:
    public f(java.lang.String,java.lang.String,int)
    public boolean a()
    public java.lang.String b()
    public java.lang.String c()
    public java.lang.String d()
    public com.iflytek.a.f a(int,boolean)
    public boolean a(int)
    public void g()
com.iflytek.a.g:
    public com.iflytek.a.f b(android.content.Context)
    public com.iflytek.a.f a(android.content.Context,com.iflytek.speech.SpeechError,boolean)
    public void a(com.iflytek.a.f)
com.iflytek.a.i:
    public com.iflytek.a.f b(android.content.Context)
    public void a(com.iflytek.a.f)
    public com.iflytek.a.f a(android.content.Context,com.iflytek.speech.SpeechError,boolean)
com.iflytek.b.a:
    public boolean b(java.lang.String)
com.iflytek.b.c:
    private static java.lang.String a(int)
    public static java.lang.String a(android.content.Context,java.lang.String,com.iflytek.b.a,boolean)
    public static java.lang.String c(android.content.Context,com.iflytek.b.a)
    public static boolean a(java.lang.String)
com.iflytek.c.a:
    public static void a(java.util.Locale)
    public static boolean a(java.lang.String)
    private static boolean b(java.lang.String)
    public static java.lang.String a(int)
    public static java.lang.String b(int)
com.iflytek.msc.MSC:
    public static native int DebugLog(boolean)
    public static native int QTTSFini()
    public static final native char[] QISRSessionBegin(byte[],byte[],com.iflytek.msc.MSCSessionInfo)
    public static native int QISRSetParam(char[],byte[],byte[])
    public static native int QISRAudioWrite(char[],byte[],int,int,com.iflytek.msc.MSCSessionInfo)
    public static final native byte[] QISRGetResult(char[],com.iflytek.msc.MSCSessionInfo)
    public static native int QISRSessionEnd(char[],byte[])
    public static native int QISRFini()
    public static native int QISVFini()
    public static native int QMSPLogin(byte[],byte[],byte[])
    public static native byte[] QMSPUploadData(byte[],byte[],int,byte[],com.iflytek.msc.MSCSessionInfo)
    public static native byte[] QMSPDownloadData(byte[],com.iflytek.msc.MSCSessionInfo)
    public static native byte[] QMSPSearch(byte[],byte[],com.iflytek.msc.MSCSessionInfo)
    public static native int QMSPLogOut()
com.iflytek.msc.MSCSessionInfo:
    public int epstatues
com.iflytek.msc.a.a:
    public java.lang.String d()
    protected void a(com.iflytek.b.a)